opnecvlibrary/build/outputs/logs/manifest-merger-release-report.txt
-- Merging decision tree log ---
manifest
ADDED from src\main\AndroidManifest.xml:1:1-16:12
INJECTED from src\main\AndroidManifest.xml:1:1-16:12
INJECTED from src\main\AndroidManifest.xml:1:1-16:12
INJECTED from src\main\AndroidManifest.xml:1:1-16:12
INJECTED from src\main\AndroidManifest.xml:1:1-16:12
INJECTED from src\main\AndroidManifest.xml:1:1-16:12
INJECTED from src\main\AndroidManifest.xml:1:1-16:12
	package
		ADDED from src\main\AndroidManifest.xml:2:11-41
		INJECTED from src\main\AndroidManifest.xml
		INJECTED from src\main\AndroidManifest.xml
	android:versionName
		INJECTED from src\main\AndroidManifest.xml
		ADDED from src\main\AndroidManifest.xml:1:1-16:12
		INJECTED from src\main\AndroidManifest.xml
	android:versionCode
		INJECTED from src\main\AndroidManifest.xml
		ADDED from src\main\AndroidManifest.xml:1:1-16:12
		INJECTED from src\main\AndroidManifest.xml
	xmlns:android
		ADDED from src\main\AndroidManifest.xml:1:11-69
uses-permission#android.permission.CAMERA
ADDED from src\main\AndroidManifest.xml:5:5-64
	android:name
		ADDED from src\main\AndroidManifest.xml:5:22-62
uses-feature#android.hardware.camera
ADDED from src\main\AndroidManifest.xml:7:5-84
	android:required
		ADDED from src\main\AndroidManifest.xml:7:58-82
	android:name
		ADDED from src\main\AndroidManifest.xml:7:19-57
uses-feature#android.hardware.camera.autofocus
ADDED from src\main\AndroidManifest.xml:8:5-94
	android:required
		ADDED from src\main\AndroidManifest.xml:8:68-92
	android:name
		ADDED from src\main\AndroidManifest.xml:8:19-67
uses-feature#android.hardware.camera.front
ADDED from src\main\AndroidManifest.xml:9:5-90
	android:required
		ADDED from src\main\AndroidManifest.xml:9:64-88
	android:name
		ADDED from src\main\AndroidManifest.xml:9:19-63
uses-feature#android.hardware.camera.front.autofocus
ADDED from src\main\AndroidManifest.xml:10:5-100
	android:required
		ADDED from src\main\AndroidManifest.xml:10:74-98
	android:name
		ADDED from src\main\AndroidManifest.xml:10:19-73
application
ADDED from src\main\AndroidManifest.xml:12:5-14:19
	android:allowBackup
		ADDED from src\main\AndroidManifest.xml:13:9-35
uses-sdk
INJECTED from src\main\AndroidManifest.xml reason: use-sdk injection requested
INJECTED from src\main\AndroidManifest.xml
INJECTED from src\main\AndroidManifest.xml
INJECTED from src\main\AndroidManifest.xml
INJECTED from src\main\AndroidManifest.xml
	android:targetSdkVersion
		INJECTED from src\main\AndroidManifest.xml
		ADDED from src\main\AndroidManifest.xml
		INJECTED from src\main\AndroidManifest.xml
	android:minSdkVersion
		INJECTED from src\main\AndroidManifest.xml
		ADDED from src\main\AndroidManifest.xml
		INJECTED from src\main\AndroidManifest.xml